
> auth-service@0.0.1 dev
> nest start --watch

[2J[3J[H[[90m11:45:53 PM[0m] Starting compilation in watch mode...

[96mdrizzle.config.ts[0m:[93m3[0m:[93m8[0m - [91merror[0m[90m TS1259: [0mModule '"path"' can only be default-imported using the 'esModuleInterop' flag

[7m3[0m import path from 'path';
[7m [0m [91m       ~~~~[0m

  [96mnode_modules/@types/node/path.d.ts[0m:[93m187[0m:[93m5[0m
    [7m187[0m     export = path;
    [7m   [0m [96m    ~~~~~~~~~~~~~~[0m
    This module is declared with 'export =', and can only be used with a default import when using the 'esModuleInterop' flag.

[96mdrizzle.config.ts[0m:[93m8[0m:[93m29[0m - [91merror[0m[90m TS2345: [0mArgument of type '{ dialect: "postgresql"; schema: string; out: string; dbCredentials: { host: string; port: string; user: string; password: string; database: string; ssl: false; }; }' is not assignable to parameter of type 'Config'.
  Types of property 'dbCredentials' are incompatible.
    Type '{ host: string; port: string; user: string; password: string; database: string; ssl: false; }' is not assignable to type '{ host: string; port?: number; user?: string; password?: string; database: string; ssl?: boolean | ConnectionOptions | "require" | "allow" | "prefer" | "verify-full"; } | { ...; } | { ...; } | { ...; }'.
      Types of property 'port' are incompatible.
        Type 'string' is not assignable to type 'number'.

[7m  8[0m export default defineConfig({
[7m   [0m [91m                            ~[0m
[7m  9[0m   dialect: 'postgresql',
[7m   [0m [91m~~~~~~~~~~~~~~~~~~~~~~~~[0m
[7m...[0m 
[7m 20[0m   },
[7m   [0m [91m~~~~[0m
[7m 21[0m });
[7m   [0m [91m~[0m

[96mnode_modules/drizzle-orm/gel-core/columns/date-duration.d.ts[0m:[93m1[0m:[93m35[0m - [91merror[0m[90m TS2307: [0mCannot find module 'gel' or its corresponding type declarations.

[7m1[0m import type { DateDuration } from 'gel';
[7m [0m [91m                                  ~~~~~[0m

[96mnode_modules/drizzle-orm/gel-core/columns/duration.d.ts[0m:[93m1[0m:[93m31[0m - [91merror[0m[90m TS2307: [0mCannot find module 'gel' or its corresponding type declarations.

[7m1[0m import type { Duration } from 'gel';
[7m [0m [91m                              ~~~~~[0m

[96mnode_modules/drizzle-orm/gel-core/columns/localdate.d.ts[0m:[93m1[0m:[93m32[0m - [91merror[0m[90m TS2307: [0mCannot find module 'gel' or its corresponding type declarations.

[7m1[0m import type { LocalDate } from 'gel';
[7m [0m [91m                               ~~~~~[0m

[96mnode_modules/drizzle-orm/gel-core/columns/localtime.d.ts[0m:[93m1[0m:[93m32[0m - [91merror[0m[90m TS2307: [0mCannot find module 'gel' or its corresponding type declarations.

[7m1[0m import type { LocalTime } from 'gel';
[7m [0m [91m                               ~~~~~[0m

[96mnode_modules/drizzle-orm/gel-core/columns/relative-duration.d.ts[0m:[93m1[0m:[93m39[0m - [91merror[0m[90m TS2307: [0mCannot find module 'gel' or its corresponding type declarations.

[7m1[0m import type { RelativeDuration } from 'gel';
[7m [0m [91m                                      ~~~~~[0m

[96mnode_modules/drizzle-orm/gel-core/columns/timestamp.d.ts[0m:[93m1[0m:[93m36[0m - [91merror[0m[90m TS2307: [0mCannot find module 'gel' or its corresponding type declarations.

[7m1[0m import type { LocalDateTime } from 'gel';
[7m [0m [91m                                   ~~~~~[0m

[96mnode_modules/drizzle-orm/gel-core/query-builders/query.d.ts[0m:[93m23[0m:[93m22[0m - [91merror[0m[90m TS2420: [0mClass 'GelRelationalQuery<TResult>' incorrectly implements interface 'SQLWrapper'.
  Property 'getSQL' is missing in type 'GelRelationalQuery<TResult>' but required in type 'SQLWrapper'.

[7m23[0m export declare class GelRelationalQuery<TResult> extends QueryPromise<TResult> implements RunnableQuery<TResult, 'gel'>, SQLWrapper {
[7m  [0m [91m                     ~~~~~~~~~~~~~~~~~~[0m

  [96mnode_modules/drizzle-orm/sql/sql.d.ts[0m:[93m50[0m:[93m5[0m
    [7m50[0m     getSQL(): SQL;
    [7m  [0m [96m    ~~~~~~~~~~~~~~[0m
    'getSQL' is declared here.

[96mnode_modules/drizzle-orm/gel-core/roles.d.ts[0m:[93m7[0m:[93m22[0m - [91merror[0m[90m TS2559: [0mType 'GelRole' has no properties in common with type 'GelRoleConfig'.

[7m7[0m export declare class GelRole implements GelRoleConfig {
[7m [0m [91m                     ~~~~~~~[0m

[96mnode_modules/drizzle-orm/mysql-core/db.d.ts[0m:[93m1[0m:[93m38[0m - [91merror[0m[90m TS2307: [0mCannot find module 'mysql2/promise' or its corresponding type declarations.

[7m1[0m import type { ResultSetHeader } from 'mysql2/promise';
[7m [0m [91m                                     ~~~~~~~~~~~~~~~~[0m

[96mnode_modules/drizzle-orm/mysql-core/query-builders/delete.d.ts[0m:[93m36[0m:[93m22[0m - [91merror[0m[90m TS2420: [0mClass 'MySqlDeleteBase<TTable, TQueryResult, TPreparedQueryHKT, TDynamic, TExcludedMethods>' incorrectly implements interface 'SQLWrapper'.
  Property 'getSQL' is missing in type 'MySqlDeleteBase<TTable, TQueryResult, TPreparedQueryHKT, TDynamic, TExcludedMethods>' but required in type 'SQLWrapper'.

[7m36[0m export declare class MySqlDeleteBase<TTable extends MySqlTable, TQueryResult extends MySqlQueryResultHKT, TPreparedQueryHKT extends PreparedQueryHKTBase, TDynamic extends boolean = false, TExcludedMethods extends string = never> extends QueryPromise<MySqlQueryResultKind<TQueryResult, never>> implements SQLWrapper {
[7m  [0m [91m                     ~~~~~~~~~~~~~~~[0m

  [96mnode_modules/drizzle-orm/sql/sql.d.ts[0m:[93m50[0m:[93m5[0m
    [7m50[0m     getSQL(): SQL;
    [7m  [0m [96m    ~~~~~~~~~~~~~~[0m
    'getSQL' is declared here.

[96mnode_modules/drizzle-orm/mysql-core/query-builders/select.d.ts[0m:[93m294[0m:[93m244[0m - [91merror[0m[90m TS2344: [0mType 'string' does not satisfy the constraint 'keyof this & string'.
  Type 'string' is not assignable to type 'keyof this & string'.
    Type 'string' is not assignable to type 'keyof this'.
      Type '"session"' is not assignable to type '"_" | "getSQL" | "as" | "union" | "intersect" | "except" | "for" | "where" | "orderBy" | "limit" | "offset" | "leftJoin" | "rightJoin" | "innerJoin" | "toSQL" | "$dynamic" | "having" | ... 8 more ... | "$withCache"'.

[7m294[0m     union: <TValue extends MySqlSetOperatorWithResult<TResult>>(rightSelection: ((setOperators: GetMySqlSetOperators) => SetOperatorRightSelect<TValue, TResult>) | SetOperatorRightSelect<TValue, TResult>) => MySqlSelectWithout<this, TDynamic, MySqlSetOperatorExcludedMethods, true>;
[7m   [0m [91m                                                                                                                                                                                                                                                   ~~~~~~~~~~~~~~~~~~~~~~~~~~~~~~~[0m

[96mnode_modules/drizzle-orm/mysql-core/query-builders/select.d.ts[0m:[93m320[0m:[93m247[0m - [91merror[0m[90m TS2344: [0mType 'string' does not satisfy the constraint 'keyof this & string'.
  Type 'string' is not assignable to type 'keyof this & string'.
    Type 'string' is not assignable to type 'keyof this'.
      Type '"session"' is not assignable to type '"_" | "getSQL" | "as" | "union" | "intersect" | "except" | "for" | "where" | "orderBy" | "limit" | "offset" | "leftJoin" | "rightJoin" | "innerJoin" | "toSQL" | "$dynamic" | "having" | ... 8 more ... | "$withCache"'.

[7m320[0m     unionAll: <TValue extends MySqlSetOperatorWithResult<TResult>>(rightSelection: ((setOperators: GetMySqlSetOperators) => SetOperatorRightSelect<TValue, TResult>) | SetOperatorRightSelect<TValue, TResult>) => MySqlSelectWithout<this, TDynamic, MySqlSetOperatorExcludedMethods, true>;
[7m   [0m [91m                                                                                                                                                                                                                                                      ~~~~~~~~~~~~~~~~~~~~~~~~~~~~~~~[0m

[96mnode_modules/drizzle-orm/mysql-core/query-builders/select.d.ts[0m:[93m346[0m:[93m248[0m - [91merror[0m[90m TS2344: [0mType 'string' does not satisfy the constraint 'keyof this & string'.
  Type 'string' is not assignable to type 'keyof this & string'.
    Type 'string' is not assignable to type 'keyof this'.
      Type '"session"' is not assignable to type '"_" | "getSQL" | "as" | "union" | "intersect" | "except" | "for" | "where" | "orderBy" | "limit" | "offset" | "leftJoin" | "rightJoin" | "innerJoin" | "toSQL" | "$dynamic" | "having" | ... 8 more ... | "$withCache"'.

[7m346[0m     intersect: <TValue extends MySqlSetOperatorWithResult<TResult>>(rightSelection: ((setOperators: GetMySqlSetOperators) => SetOperatorRightSelect<TValue, TResult>) | SetOperatorRightSelect<TValue, TResult>) => MySqlSelectWithout<this, TDynamic, MySqlSetOperatorExcludedMethods, true>;
[7m   [0m [91m                                                                                                                                                                                                                                                       ~~~~~~~~~~~~~~~~~~~~~~~~~~~~~~~[0m

[96mnode_modules/drizzle-orm/mysql-core/query-builders/select.d.ts[0m:[93m387[0m:[93m251[0m - [91merror[0m[90m TS2344: [0mType 'string' does not satisfy the constraint 'keyof this & string'.
  Type 'string' is not assignable to type 'keyof this & string'.
    Type 'string' is not assignable to type 'keyof this'.
      Type '"session"' is not assignable to type '"_" | "getSQL" | "as" | "union" | "intersect" | "except" | "for" | "where" | "orderBy" | "limit" | "offset" | "leftJoin" | "rightJoin" | "innerJoin" | "toSQL" | "$dynamic" | "having" | ... 8 more ... | "$withCache"'.

[7m387[0m     intersectAll: <TValue extends MySqlSetOperatorWithResult<TResult>>(rightSelection: ((setOperators: GetMySqlSetOperators) => SetOperatorRightSelect<TValue, TResult>) | SetOperatorRightSelect<TValue, TResult>) => MySqlSelectWithout<this, TDynamic, MySqlSetOperatorExcludedMethods, true>;
[7m   [0m [91m                                                                                                                                                                                                                                                          ~~~~~~~~~~~~~~~~~~~~~~~~~~~~~~~[0m

[96mnode_modules/drizzle-orm/mysql-core/query-builders/select.d.ts[0m:[93m413[0m:[93m245[0m - [91merror[0m[90m TS2344: [0mType 'string' does not satisfy the constraint 'keyof this & string'.
  Type 'string' is not assignable to type 'keyof this & string'.
    Type 'string' is not assignable to type 'keyof this'.
      Type '"session"' is not assignable to type '"_" | "getSQL" | "as" | "union" | "intersect" | "except" | "for" | "where" | "orderBy" | "limit" | "offset" | "leftJoin" | "rightJoin" | "innerJoin" | "toSQL" | "$dynamic" | "having" | ... 8 more ... | "$withCache"'.

[7m413[0m     except: <TValue extends MySqlSetOperatorWithResult<TResult>>(rightSelection: ((setOperators: GetMySqlSetOperators) => SetOperatorRightSelect<TValue, TResult>) | SetOperatorRightSelect<TValue, TResult>) => MySqlSelectWithout<this, TDynamic, MySqlSetOperatorExcludedMethods, true>;
[7m   [0m [91m                                                                                                                                                                                                                                                    ~~~~~~~~~~~~~~~~~~~~~~~~~~~~~~~[0m

[96mnode_modules/drizzle-orm/mysql-core/query-builders/select.d.ts[0m:[93m454[0m:[93m248[0m - [91merror[0m[90m TS2344: [0mType 'string' does not satisfy the constraint 'keyof this & string'.
  Type 'string' is not assignable to type 'keyof this & string'.
    Type 'string' is not assignable to type 'keyof this'.
      Type '"session"' is not assignable to type '"_" | "getSQL" | "as" | "union" | "intersect" | "except" | "for" | "where" | "orderBy" | "limit" | "offset" | "leftJoin" | "rightJoin" | "innerJoin" | "toSQL" | "$dynamic" | "having" | ... 8 more ... | "$withCache"'.

[7m454[0m     exceptAll: <TValue extends MySqlSetOperatorWithResult<TResult>>(rightSelection: ((setOperators: GetMySqlSetOperators) => SetOperatorRightSelect<TValue, TResult>) | SetOperatorRightSelect<TValue, TResult>) => MySqlSelectWithout<this, TDynamic, MySqlSetOperatorExcludedMethods, true>;
[7m   [0m [91m                                                                                                                                                                                                                                                       ~~~~~~~~~~~~~~~~~~~~~~~~~~~~~~~[0m

[96mnode_modules/drizzle-orm/mysql-core/query-builders/select.d.ts[0m:[93m611[0m:[93m22[0m - [91merror[0m[90m TS2515: [0mNon-abstract class 'MySqlSelectBase<TTableName, TSelection, TSelectMode, TPreparedQueryHKT, TNullabilityMap, TDynamic, TExcludedMethods, TResult, TSelectedFields>' does not implement inherited abstract member getSQL from class 'MySqlSelectQueryBuilderBase<MySqlSelectHKT, TTableName, TSelection, TSelectMode, TPreparedQueryHKT, TNullabilityMap, TDynamic, TExcludedMethods, TResult, TSelectedFields>'.

[7m611[0m export declare class MySqlSelectBase<TTableName extends string | undefined, TSelection, TSelectMode extends SelectMode, TPreparedQueryHKT extends PreparedQueryHKTBase, TNullabilityMap extends Record<string, JoinNullability> = TTableName extends string ? Record<TTableName, 'not-null'> : {}, TDynamic extends boolean = false, TExcludedMethods extends string = never, TResult = SelectResult<TSelection, TSelectMode, TNullabilityMap>[], TSelectedFields = BuildSubquerySelection<TSelection, TNullabilityMap>> extends MySqlSelectQueryBuilderBase<MySqlSelectHKT, TTableName, TSelection, TSelectMode, TPreparedQueryHKT, TNullabilityMap, TDynamic, TExcludedMethods, TResult, TSelectedFields> {
[7m   [0m [91m                     ~~~~~~~~~~~~~~~[0m

[96mnode_modules/drizzle-orm/mysql-core/query-builders/select.types.d.ts[0m:[93m138[0m:[93m1149[0m - [91merror[0m[90m TS2344: [0mType 'MySqlSetOperatorExcludedMethods' does not satisfy the constraint '"then" | "_" | "getSQL" | "as" | "union" | "intersect" | "except" | "for" | "where" | "orderBy" | "limit" | "offset" | "execute" | "leftJoin" | "rightJoin" | "innerJoin" | "toSQL" | ... 14 more ... | "iterator"'.
  Type '"session"' is not assignable to type '"then" | "_" | "getSQL" | "as" | "union" | "intersect" | "except" | "for" | "where" | "orderBy" | "limit" | "offset" | "execute" | "leftJoin" | "rightJoin" | "innerJoin" | "toSQL" | ... 14 more ... | "iterator"'.

[7m138[0m export type MySqlCreateSetOperatorFn = <TTableName extends string | undefined, TSelection extends ColumnsSelection, TSelectMode extends SelectMode, TValue extends MySqlSetOperatorWithResult<TResult>, TRest extends MySqlSetOperatorWithResult<TResult>[], TPreparedQueryHKT extends PreparedQueryHKTBase = PreparedQueryHKTBase, TNullabilityMap extends Record<string, JoinNullability> = TTableName extends string ? Record<TTableName, 'not-null'> : {}, TDynamic extends boolean = false, TExcludedMethods extends string = never, TResult extends any[] = SelectResult<TSelection, TSelectMode, TNullabilityMap>[], TSelectedFields extends ColumnsSelection = BuildSubquerySelection<TSelection, TNullabilityMap>>(leftSelect: MySqlSetOperatorInterface<TTableName, TSelection, TSelectMode, TPreparedQueryHKT, TNullabilityMap, TDynamic, TExcludedMethods, TResult, TSelectedFields>, rightSelect: SetOperatorRightSelect<TValue, TResult>, ...restSelects: SetOperatorRestSelect<TRest, TResult>) => MySqlSelectWithout<MySqlSelectBase<TTableName, TSelection, TSelectMode, TPreparedQueryHKT, TNullabilityMap, TDynamic, TExcludedMethods, TResult, TSelectedFields>, false, MySqlSetOperatorExcludedMethods, true>;
[7m   [0m [91m                                                                                                                                                                                                                                                                                                                                                                                                                                                                                                                                                                                                                                                                                                                                                                                                                                                                                                                                                                                                                                                                                                                                                                                            ~~~~~~~~~~~~~~~~~~~~~~~~~~~~~~~[0m

[96mnode_modules/drizzle-orm/node-postgres/session.d.ts[0m:[93m2[0m:[93m8[0m - [91merror[0m[90m TS1192: [0mModule '"/app/node_modules/@types/pg/index"' has no default export.

[7m2[0m import pg from 'pg';
[7m [0m [91m       ~~[0m

[96mnode_modules/drizzle-orm/pg-core/query-builders/query.d.ts[0m:[93m23[0m:[93m22[0m - [91merror[0m[90m TS2420: [0mClass 'PgRelationalQuery<TResult>' incorrectly implements interface 'SQLWrapper'.
  Property 'getSQL' is missing in type 'PgRelationalQuery<TResult>' but required in type 'SQLWrapper'.

[7m23[0m export declare class PgRelationalQuery<TResult> extends QueryPromise<TResult> implements RunnableQuery<TResult, 'pg'>, SQLWrapper {
[7m  [0m [91m                     ~~~~~~~~~~~~~~~~~[0m

  [96mnode_modules/drizzle-orm/sql/sql.d.ts[0m:[93m50[0m:[93m5[0m
    [7m50[0m     getSQL(): SQL;
    [7m  [0m [96m    ~~~~~~~~~~~~~~[0m
    'getSQL' is declared here.

[96mnode_modules/drizzle-orm/pg-core/roles.d.ts[0m:[93m7[0m:[93m22[0m - [91merror[0m[90m TS2559: [0mType 'PgRole' has no properties in common with type 'PgRoleConfig'.

[7m7[0m export declare class PgRole implements PgRoleConfig {
[7m [0m [91m                     ~~~~~~[0m

[96mnode_modules/drizzle-orm/singlestore-core/columns/bigint.d.ts[0m:[93m13[0m:[93m22[0m - [91merror[0m[90m TS2515: [0mNon-abstract class 'SingleStoreBigInt53Builder<T>' does not implement inherited abstract member generatedAlwaysAs from class 'SingleStoreColumnBuilderWithAutoIncrement<T, { unsigned: boolean; }, ColumnBuilderExtraConfig>'.

[7m13[0m export declare class SingleStoreBigInt53Builder<T extends ColumnBuilderBaseConfig<'number', 'SingleStoreBigInt53'>> extends SingleStoreColumnBuilderWithAutoIncrement<T, {
[7m  [0m [91m                     ~~~~~~~~~~~~~~~~~~~~~~~~~~[0m

[96mnode_modules/drizzle-orm/singlestore-core/columns/bigint.d.ts[0m:[93m35[0m:[93m22[0m - [91merror[0m[90m TS2515: [0mNon-abstract class 'SingleStoreBigInt64Builder<T>' does not implement inherited abstract member generatedAlwaysAs from class 'SingleStoreColumnBuilderWithAutoIncrement<T, { unsigned: boolean; }, ColumnBuilderExtraConfig>'.

[7m35[0m export declare class SingleStoreBigInt64Builder<T extends ColumnBuilderBaseConfig<'bigint', 'SingleStoreBigInt64'>> extends SingleStoreColumnBuilderWithAutoIncrement<T, {
[7m  [0m [91m                     ~~~~~~~~~~~~~~~~~~~~~~~~~~[0m

[96mnode_modules/drizzle-orm/singlestore-core/columns/binary.d.ts[0m:[93m14[0m:[93m22[0m - [91merror[0m[90m TS2515: [0mNon-abstract class 'SingleStoreBinaryBuilder<T>' does not implement inherited abstract member generatedAlwaysAs from class 'SingleStoreColumnBuilder<T, SingleStoreBinaryConfig, object, ColumnBuilderExtraConfig>'.

[7m14[0m export declare class SingleStoreBinaryBuilder<T extends ColumnBuilderBaseConfig<'string', 'SingleStoreBinary'>> extends SingleStoreColumnBuilder<T, SingleStoreBinaryConfig> {
[7m  [0m [91m                     ~~~~~~~~~~~~~~~~~~~~~~~~[0m

[96mnode_modules/drizzle-orm/singlestore-core/columns/boolean.d.ts[0m:[93m14[0m:[93m22[0m - [91merror[0m[90m TS2515: [0mNon-abstract class 'SingleStoreBooleanBuilder<T>' does not implement inherited abstract member generatedAlwaysAs from class 'SingleStoreColumnBuilder<T, object, object, ColumnBuilderExtraConfig>'.

[7m14[0m export declare class SingleStoreBooleanBuilder<T extends ColumnBuilderBaseConfig<'boolean', 'SingleStoreBoolean'>> extends SingleStoreColumnBuilder<T> {
[7m  [0m [91m                     ~~~~~~~~~~~~~~~~~~~~~~~~~[0m

[96mnode_modules/drizzle-orm/singlestore-core/columns/char.d.ts[0m:[93m16[0m:[93m22[0m - [91merror[0m[90m TS2515: [0mNon-abstract class 'SingleStoreCharBuilder<T>' does not implement inherited abstract member generatedAlwaysAs from class 'SingleStoreColumnBuilder<T, SingleStoreCharConfig<T["enumValues"], T["length"]>, { length: T["length"]; }, ColumnBuilderExtraConfig>'.

[7m16[0m export declare class SingleStoreCharBuilder<T extends ColumnBuilderBaseConfig<'string', 'SingleStoreChar'> & {
[7m  [0m [91m                     ~~~~~~~~~~~~~~~~~~~~~~[0m

[96mnode_modules/drizzle-orm/singlestore-core/columns/custom.d.ts[0m:[93m24[0m:[93m22[0m - [91merror[0m[90m TS2515: [0mNon-abstract class 'SingleStoreCustomColumnBuilder<T>' does not implement inherited abstract member generatedAlwaysAs from class 'SingleStoreColumnBuilder<T, { fieldConfig: Record<string, any>; customTypeParams: CustomTypeParams<any>; }, { singlestoreColumnBuilderBrand: "SingleStoreCustomColumnBuilderBrand"; }, ColumnBuilderExtraConfig>'.

[7m24[0m export declare class SingleStoreCustomColumnBuilder<T extends ColumnBuilderBaseConfig<'custom', 'SingleStoreCustomColumn'>> extends SingleStoreColumnBuilder<T, {
[7m  [0m [91m                     ~~~~~~~~~~~~~~~~~~~~~~~~~~~~~~[0m

[96mnode_modules/drizzle-orm/singlestore-core/columns/date.d.ts[0m:[93m16[0m:[93m22[0m - [91merror[0m[90m TS2515: [0mNon-abstract class 'SingleStoreDateBuilder<T>' does not implement inherited abstract member generatedAlwaysAs from class 'SingleStoreColumnBuilder<T, object, object, ColumnBuilderExtraConfig>'.

[7m16[0m export declare class SingleStoreDateBuilder<T extends ColumnBuilderBaseConfig<'date', 'SingleStoreDate'>> extends SingleStoreColumnBuilder<T> {
[7m  [0m [91m                     ~~~~~~~~~~~~~~~~~~~~~~[0m

[96mnode_modules/drizzle-orm/singlestore-core/columns/date.d.ts[0m:[93m37[0m:[93m22[0m - [91merror[0m[90m TS2515: [0mNon-abstract class 'SingleStoreDateStringBuilder<T>' does not implement inherited abstract member generatedAlwaysAs from class 'SingleStoreColumnBuilder<T, object, object, ColumnBuilderExtraConfig>'.

[7m37[0m export declare class SingleStoreDateStringBuilder<T extends ColumnBuilderBaseConfig<'string', 'SingleStoreDateString'>> extends SingleStoreColumnBuilder<T> {
[7m  [0m [91m                     ~~~~~~~~~~~~~~~~~~~~~~~~~~~~[0m

[96mnode_modules/drizzle-orm/singlestore-core/columns/datetime.d.ts[0m:[93m16[0m:[93m22[0m - [91merror[0m[90m TS2515: [0mNon-abstract class 'SingleStoreDateTimeBuilder<T>' does not implement inherited abstract member generatedAlwaysAs from class 'SingleStoreColumnBuilder<T, SingleStoreDatetimeConfig<"string" | "date">, object, ColumnBuilderExtraConfig>'.

[7m16[0m export declare class SingleStoreDateTimeBuilder<T extends ColumnBuilderBaseConfig<'date', 'SingleStoreDateTime'>> extends SingleStoreColumnBuilder<T, SingleStoreDatetimeConfig> {
[7m  [0m [91m                     ~~~~~~~~~~~~~~~~~~~~~~~~~~[0m

[96mnode_modules/drizzle-orm/singlestore-core/columns/datetime.d.ts[0m:[93m38[0m:[93m22[0m - [91merror[0m[90m TS2515: [0mNon-abstract class 'SingleStoreDateTimeStringBuilder<T>' does not implement inherited abstract member generatedAlwaysAs from class 'SingleStoreColumnBuilder<T, SingleStoreDatetimeConfig<"string" | "date">, object, ColumnBuilderExtraConfig>'.

[7m38[0m export declare class SingleStoreDateTimeStringBuilder<T extends ColumnBuilderBaseConfig<'string', 'SingleStoreDateTimeString'>> extends SingleStoreColumnBuilder<T, SingleStoreDatetimeConfig> {
[7m  [0m [91m                     ~~~~~~~~~~~~~~~~~~~~~~~~~~~~~~~~[0m

[96mnode_modules/drizzle-orm/singlestore-core/columns/decimal.d.ts[0m:[93m15[0m:[93m22[0m - [91merror[0m[90m TS2515: [0mNon-abstract class 'SingleStoreDecimalBuilder<T>' does not implement inherited abstract member generatedAlwaysAs from class 'SingleStoreColumnBuilderWithAutoIncrement<T, SingleStoreDecimalConfig<"string" | "number" | "bigint">, ColumnBuilderExtraConfig>'.

[7m15[0m export declare class SingleStoreDecimalBuilder<T extends ColumnBuilderBaseConfig<'string', 'SingleStoreDecimal'>> extends SingleStoreColumnBuilderWithAutoIncrement<T, SingleStoreDecimalConfig> {
[7m  [0m [91m                     ~~~~~~~~~~~~~~~~~~~~~~~~~[0m

[96mnode_modules/drizzle-orm/singlestore-core/columns/decimal.d.ts[0m:[93m36[0m:[93m22[0m - [91merror[0m[90m TS2515: [0mNon-abstract class 'SingleStoreDecimalNumberBuilder<T>' does not implement inherited abstract member generatedAlwaysAs from class 'SingleStoreColumnBuilderWithAutoIncrement<T, SingleStoreDecimalConfig<"string" | "number" | "bigint">, ColumnBuilderExtraConfig>'.

[7m36[0m export declare class SingleStoreDecimalNumberBuilder<T extends ColumnBuilderBaseConfig<'number', 'SingleStoreDecimalNumber'>> extends SingleStoreColumnBuilderWithAutoIncrement<T, SingleStoreDecimalConfig> {
[7m  [0m [91m                     ~~~~~~~~~~~~~~~~~~~~~~~~~~~~~~~[0m

[96mnode_modules/drizzle-orm/singlestore-core/columns/decimal.d.ts[0m:[93m58[0m:[93m22[0m - [91merror[0m[90m TS2515: [0mNon-abstract class 'SingleStoreDecimalBigIntBuilder<T>' does not implement inherited abstract member generatedAlwaysAs from class 'SingleStoreColumnBuilderWithAutoIncrement<T, SingleStoreDecimalConfig<"string" | "number" | "bigint">, ColumnBuilderExtraConfig>'.

[7m58[0m export declare class SingleStoreDecimalBigIntBuilder<T extends ColumnBuilderBaseConfig<'bigint', 'SingleStoreDecimalBigInt'>> extends SingleStoreColumnBuilderWithAutoIncrement<T, SingleStoreDecimalConfig> {
[7m  [0m [91m                     ~~~~~~~~~~~~~~~~~~~~~~~~~~~~~~~[0m

[96mnode_modules/drizzle-orm/singlestore-core/columns/double.d.ts[0m:[93m14[0m:[93m22[0m - [91merror[0m[90m TS2515: [0mNon-abstract class 'SingleStoreDoubleBuilder<T>' does not implement inherited abstract member generatedAlwaysAs from class 'SingleStoreColumnBuilderWithAutoIncrement<T, SingleStoreDoubleConfig, ColumnBuilderExtraConfig>'.

[7m14[0m export declare class SingleStoreDoubleBuilder<T extends ColumnBuilderBaseConfig<'number', 'SingleStoreDouble'>> extends SingleStoreColumnBuilderWithAutoIncrement<T, SingleStoreDoubleConfig> {
[7m  [0m [91m                     ~~~~~~~~~~~~~~~~~~~~~~~~[0m

[96mnode_modules/drizzle-orm/singlestore-core/columns/enum.d.ts[0m:[93m19[0m:[93m5[0m - [91merror[0m[90m TS2416: [0mProperty 'generatedAlwaysAs' in type 'SingleStoreEnumColumnBuilder<T>' is not assignable to the same property in base type 'SingleStoreColumnBuilder<T, { enumValues: T["enumValues"]; }, object, ColumnBuilderExtraConfig>'.
  Type '(as: SQL<unknown> | (() => SQL<unknown>) | T["data"], config?: Partial<GeneratedColumnConfig<unknown>>) => HasGenerated<this, {}>' is not assignable to type '(as: SQL<unknown> | (() => SQL<unknown>) | T["data"], config?: Partial<GeneratedColumnConfig<unknown>>) => HasGenerated<this, { type: "always"; }>'.
    Type 'HasGenerated<this, {}>' is not assignable to type 'HasGenerated<this, { type: "always"; }>'.
      Type 'HasGenerated<this, {}>' is not assignable to type '{ _: { hasDefault: true; generated: { type: "always"; }; }; }'.
        The types of '_.generated' are incompatible between these types.
          Property 'type' is missing in type '{}' but required in type '{ type: "always"; }'.

[7m19[0m     generatedAlwaysAs(as: SQL<unknown> | (() => SQL) | T['data'], config?: Partial<GeneratedColumnConfig<unknown>>): HasGenerated<this, {}>;
[7m  [0m [91m    ~~~~~~~~~~~~~~~~~[0m

  [96mnode_modules/drizzle-orm/column-builder.d.ts[0m:[93m227[0m:[93m9[0m
    [7m227[0m         type: 'always';
    [7m   [0m [96m        ~~~~[0m
    'type' is declared here.

[96mnode_modules/drizzle-orm/singlestore-core/columns/float.d.ts[0m:[93m14[0m:[93m22[0m - [91merror[0m[90m TS2515: [0mNon-abstract class 'SingleStoreFloatBuilder<T>' does not implement inherited abstract member generatedAlwaysAs from class 'SingleStoreColumnBuilderWithAutoIncrement<T, SingleStoreFloatConfig, ColumnBuilderExtraConfig>'.

[7m14[0m export declare class SingleStoreFloatBuilder<T extends ColumnBuilderBaseConfig<'number', 'SingleStoreFloat'>> extends SingleStoreColumnBuilderWithAutoIncrement<T, SingleStoreFloatConfig> {
[7m  [0m [91m                     ~~~~~~~~~~~~~~~~~~~~~~~[0m

[96mnode_modules/drizzle-orm/singlestore-core/columns/int.d.ts[0m:[93m14[0m:[93m22[0m - [91merror[0m[90m TS2515: [0mNon-abstract class 'SingleStoreIntBuilder<T>' does not implement inherited abstract member generatedAlwaysAs from class 'SingleStoreColumnBuilderWithAutoIncrement<T, SingleStoreIntConfig, ColumnBuilderExtraConfig>'.

[7m14[0m export declare class SingleStoreIntBuilder<T extends ColumnBuilderBaseConfig<'number', 'SingleStoreInt'>> extends SingleStoreColumnBuilderWithAutoIncrement<T, SingleStoreIntConfig> {
[7m  [0m [91m                     ~~~~~~~~~~~~~~~~~~~~~[0m

[96mnode_modules/drizzle-orm/singlestore-core/columns/json.d.ts[0m:[93m14[0m:[93m22[0m - [91merror[0m[90m TS2515: [0mNon-abstract class 'SingleStoreJsonBuilder<T>' does not implement inherited abstract member generatedAlwaysAs from class 'SingleStoreColumnBuilder<T, object, object, ColumnBuilderExtraConfig>'.

[7m14[0m export declare class SingleStoreJsonBuilder<T extends ColumnBuilderBaseConfig<'json', 'SingleStoreJson'>> extends SingleStoreColumnBuilder<T> {
[7m  [0m [91m                     ~~~~~~~~~~~~~~~~~~~~~~[0m

[96mnode_modules/drizzle-orm/singlestore-core/columns/mediumint.d.ts[0m:[93m15[0m:[93m22[0m - [91merror[0m[90m TS2515: [0mNon-abstract class 'SingleStoreMediumIntBuilder<T>' does not implement inherited abstract member generatedAlwaysAs from class 'SingleStoreColumnBuilderWithAutoIncrement<T, SingleStoreIntConfig, ColumnBuilderExtraConfig>'.

[7m15[0m export declare class SingleStoreMediumIntBuilder<T extends ColumnBuilderBaseConfig<'number', 'SingleStoreMediumInt'>> extends SingleStoreColumnBuilderWithAutoIncrement<T, SingleStoreIntConfig> {
[7m  [0m [91m                     ~~~~~~~~~~~~~~~~~~~~~~~~~~~[0m

[96mnode_modules/drizzle-orm/singlestore-core/columns/real.d.ts[0m:[93m14[0m:[93m22[0m - [91merror[0m[90m TS2515: [0mNon-abstract class 'SingleStoreRealBuilder<T>' does not implement inherited abstract member generatedAlwaysAs from class 'SingleStoreColumnBuilderWithAutoIncrement<T, SingleStoreRealConfig, ColumnBuilderExtraConfig>'.

[7m14[0m export declare class SingleStoreRealBuilder<T extends ColumnBuilderBaseConfig<'number', 'SingleStoreReal'>> extends SingleStoreColumnBuilderWithAutoIncrement<T, SingleStoreRealConfig> {
[7m  [0m [91m                     ~~~~~~~~~~~~~~~~~~~~~~[0m

[96mnode_modules/drizzle-orm/singlestore-core/columns/serial.d.ts[0m:[93m14[0m:[93m22[0m - [91merror[0m[90m TS2515: [0mNon-abstract class 'SingleStoreSerialBuilder<T>' does not implement inherited abstract member generatedAlwaysAs from class 'SingleStoreColumnBuilderWithAutoIncrement<T, object, ColumnBuilderExtraConfig>'.

[7m14[0m export declare class SingleStoreSerialBuilder<T extends ColumnBuilderBaseConfig<'number', 'SingleStoreSerial'>> extends SingleStoreColumnBuilderWithAutoIncrement<T> {
[7m  [0m [91m                     ~~~~~~~~~~~~~~~~~~~~~~~~[0m

[96mnode_modules/drizzle-orm/singlestore-core/columns/smallint.d.ts[0m:[93m15[0m:[93m22[0m - [91merror[0m[90m TS2515: [0mNon-abstract class 'SingleStoreSmallIntBuilder<T>' does not implement inherited abstract member generatedAlwaysAs from class 'SingleStoreColumnBuilderWithAutoIncrement<T, SingleStoreIntConfig, ColumnBuilderExtraConfig>'.

[7m15[0m export declare class SingleStoreSmallIntBuilder<T extends ColumnBuilderBaseConfig<'number', 'SingleStoreSmallInt'>> extends SingleStoreColumnBuilderWithAutoIncrement<T, SingleStoreIntConfig> {
[7m  [0m [91m                     ~~~~~~~~~~~~~~~~~~~~~~~~~~[0m

[96mnode_modules/drizzle-orm/singlestore-core/columns/text.d.ts[0m:[93m16[0m:[93m22[0m - [91merror[0m[90m TS2515: [0mNon-abstract class 'SingleStoreTextBuilder<T>' does not implement inherited abstract member generatedAlwaysAs from class 'SingleStoreColumnBuilder<T, { textType: SingleStoreTextColumnType; enumValues: T["enumValues"]; }, object, ColumnBuilderExtraConfig>'.

[7m16[0m export declare class SingleStoreTextBuilder<T extends ColumnBuilderBaseConfig<'string', 'SingleStoreText'>> extends SingleStoreColumnBuilder<T, {
[7m  [0m [91m                     ~~~~~~~~~~~~~~~~~~~~~~[0m

[96mnode_modules/drizzle-orm/singlestore-core/columns/time.d.ts[0m:[93m14[0m:[93m22[0m - [91merror[0m[90m TS2515: [0mNon-abstract class 'SingleStoreTimeBuilder<T>' does not implement inherited abstract member generatedAlwaysAs from class 'SingleStoreColumnBuilder<T, object, object, ColumnBuilderExtraConfig>'.

[7m14[0m export declare class SingleStoreTimeBuilder<T extends ColumnBuilderBaseConfig<'string', 'SingleStoreTime'>> extends SingleStoreColumnBuilder<T> {
[7m  [0m [91m                     ~~~~~~~~~~~~~~~~~~~~~~[0m

[96mnode_modules/drizzle-orm/singlestore-core/columns/timestamp.d.ts[0m:[93m15[0m:[93m22[0m - [91merror[0m[90m TS2515: [0mNon-abstract class 'SingleStoreTimestampBuilder<T>' does not implement inherited abstract member generatedAlwaysAs from class 'SingleStoreDateColumnBaseBuilder<T, SingleStoreTimestampConfig<"string" | "date">, ColumnBuilderExtraConfig>'.

[7m15[0m export declare class SingleStoreTimestampBuilder<T extends ColumnBuilderBaseConfig<'date', 'SingleStoreTimestamp'>> extends SingleStoreDateColumnBaseBuilder<T, SingleStoreTimestampConfig> {
[7m  [0m [91m                     ~~~~~~~~~~~~~~~~~~~~~~~~~~~[0m

[96mnode_modules/drizzle-orm/singlestore-core/columns/timestamp.d.ts[0m:[93m35[0m:[93m22[0m - [91merror[0m[90m TS2515: [0mNon-abstract class 'SingleStoreTimestampStringBuilder<T>' does not implement inherited abstract member generatedAlwaysAs from class 'SingleStoreDateColumnBaseBuilder<T, SingleStoreTimestampConfig<"string" | "date">, ColumnBuilderExtraConfig>'.

[7m35[0m export declare class SingleStoreTimestampStringBuilder<T extends ColumnBuilderBaseConfig<'string', 'SingleStoreTimestampString'>> extends SingleStoreDateColumnBaseBuilder<T, SingleStoreTimestampConfig> {
[7m  [0m [91m                     ~~~~~~~~~~~~~~~~~~~~~~~~~~~~~~~~~[0m

[96mnode_modules/drizzle-orm/singlestore-core/columns/tinyint.d.ts[0m:[93m15[0m:[93m22[0m - [91merror[0m[90m TS2515: [0mNon-abstract class 'SingleStoreTinyIntBuilder<T>' does not implement inherited abstract member generatedAlwaysAs from class 'SingleStoreColumnBuilderWithAutoIncrement<T, SingleStoreIntConfig, ColumnBuilderExtraConfig>'.

[7m15[0m export declare class SingleStoreTinyIntBuilder<T extends ColumnBuilderBaseConfig<'number', 'SingleStoreTinyInt'>> extends SingleStoreColumnBuilderWithAutoIncrement<T, SingleStoreIntConfig> {
[7m  [0m [91m                     ~~~~~~~~~~~~~~~~~~~~~~~~~[0m

[96mnode_modules/drizzle-orm/singlestore-core/columns/varbinary.d.ts[0m:[93m14[0m:[93m22[0m - [91merror[0m[90m TS2515: [0mNon-abstract class 'SingleStoreVarBinaryBuilder<T>' does not implement inherited abstract member generatedAlwaysAs from class 'SingleStoreColumnBuilder<T, SingleStoreVarbinaryOptions, object, ColumnBuilderExtraConfig>'.

[7m14[0m export declare class SingleStoreVarBinaryBuilder<T extends ColumnBuilderBaseConfig<'string', 'SingleStoreVarBinary'>> extends SingleStoreColumnBuilder<T, SingleStoreVarbinaryOptions> {
[7m  [0m [91m                     ~~~~~~~~~~~~~~~~~~~~~~~~~~~[0m

[96mnode_modules/drizzle-orm/singlestore-core/columns/varchar.d.ts[0m:[93m16[0m:[93m22[0m - [91merror[0m[90m TS2515: [0mNon-abstract class 'SingleStoreVarCharBuilder<T>' does not implement inherited abstract member generatedAlwaysAs from class 'SingleStoreColumnBuilder<T, SingleStoreVarCharConfig<T["enumValues"], T["length"]>, { length: T["length"]; }, ColumnBuilderExtraConfig>'.

[7m16[0m export declare class SingleStoreVarCharBuilder<T extends ColumnBuilderBaseConfig<'string', 'SingleStoreVarChar'> & {
[7m  [0m [91m                     ~~~~~~~~~~~~~~~~~~~~~~~~~[0m

[96mnode_modules/drizzle-orm/singlestore-core/columns/vector.d.ts[0m:[93m13[0m:[93m22[0m - [91merror[0m[90m TS2515: [0mNon-abstract class 'SingleStoreVectorBuilder<T>' does not implement inherited abstract member generatedAlwaysAs from class 'SingleStoreColumnBuilder<T, SingleStoreVectorConfig, object, ColumnBuilderExtraConfig>'.

[7m13[0m export declare class SingleStoreVectorBuilder<T extends ColumnBuilderBaseConfig<'array', 'SingleStoreVector'>> extends SingleStoreColumnBuilder<T, SingleStoreVectorConfig> {
[7m  [0m [91m                     ~~~~~~~~~~~~~~~~~~~~~~~~[0m

[96mnode_modules/drizzle-orm/singlestore-core/columns/year.d.ts[0m:[93m14[0m:[93m22[0m - [91merror[0m[90m TS2515: [0mNon-abstract class 'SingleStoreYearBuilder<T>' does not implement inherited abstract member generatedAlwaysAs from class 'SingleStoreColumnBuilder<T, object, object, ColumnBuilderExtraConfig>'.

[7m14[0m export declare class SingleStoreYearBuilder<T extends ColumnBuilderBaseConfig<'number', 'SingleStoreYear'>> extends SingleStoreColumnBuilder<T> {
[7m  [0m [91m                     ~~~~~~~~~~~~~~~~~~~~~~[0m

[96mnode_modules/drizzle-orm/singlestore-core/db.d.ts[0m:[93m1[0m:[93m38[0m - [91merror[0m[90m TS2307: [0mCannot find module 'mysql2/promise' or its corresponding type declarations.

[7m1[0m import type { ResultSetHeader } from 'mysql2/promise';
[7m [0m [91m                                     ~~~~~~~~~~~~~~~~[0m

[96mnode_modules/drizzle-orm/singlestore-core/query-builders/delete.d.ts[0m:[93m36[0m:[93m22[0m - [91merror[0m[90m TS2420: [0mClass 'SingleStoreDeleteBase<TTable, TQueryResult, TPreparedQueryHKT, TDynamic, TExcludedMethods>' incorrectly implements interface 'SQLWrapper'.
  Property 'getSQL' is missing in type 'SingleStoreDeleteBase<TTable, TQueryResult, TPreparedQueryHKT, TDynamic, TExcludedMethods>' but required in type 'SQLWrapper'.

[7m36[0m export declare class SingleStoreDeleteBase<TTable extends SingleStoreTable, TQueryResult extends SingleStoreQueryResultHKT, TPreparedQueryHKT extends PreparedQueryHKTBase, TDynamic extends boolean = false, TExcludedMethods extends string = never> extends QueryPromise<SingleStoreQueryResultKind<TQueryResult, never>> implements SQLWrapper {
[7m  [0m [91m                     ~~~~~~~~~~~~~~~~~~~~~[0m

  [96mnode_modules/drizzle-orm/sql/sql.d.ts[0m:[93m50[0m:[93m5[0m
    [7m50[0m     getSQL(): SQL;
    [7m  [0m [96m    ~~~~~~~~~~~~~~[0m
    'getSQL' is declared here.

[96mnode_modules/drizzle-orm/singlestore-core/query-builders/select.d.ts[0m:[93m268[0m:[93m262[0m - [91merror[0m[90m TS2344: [0mType 'string' does not satisfy the constraint 'keyof this & string'.
  Type 'string' is not assignable to type 'keyof this & string'.
    Type 'string' is not assignable to type 'keyof this'.
      Type '"session"' is not assignable to type '"_" | "getSQL" | "as" | "union" | "intersect" | "except" | "for" | "where" | "orderBy" | "limit" | "offset" | "leftJoin" | "rightJoin" | "innerJoin" | "fullJoin" | "toSQL" | "$dynamic" | ... 7 more ... | "minus"'.

[7m268[0m     union: <TValue extends SingleStoreSetOperatorWithResult<TResult>>(rightSelection: ((setOperators: GetSingleStoreSetOperators) => SetOperatorRightSelect<TValue, TResult>) | SetOperatorRightSelect<TValue, TResult>) => SingleStoreSelectWithout<this, TDynamic, SingleStoreSetOperatorExcludedMethods, true>;
[7m   [0m [91m                                                                                                                                                                                                                                                                     ~~~~~~~~~~~~~~~~~~~~~~~~~~~~~~~~~~~~~[0m

[96mnode_modules/drizzle-orm/singlestore-core/query-builders/select.d.ts[0m:[93m294[0m:[93m265[0m - [91merror[0m[90m TS2344: [0mType 'string' does not satisfy the constraint 'keyof this & string'.
  Type 'string' is not assignable to type 'keyof this & string'.
    Type 'string' is not assignable to type 'keyof this'.
      Type '"session"' is not assignable to type '"_" | "getSQL" | "as" | "union" | "intersect" | "except" | "for" | "where" | "orderBy" | "limit" | "offset" | "leftJoin" | "rightJoin" | "innerJoin" | "fullJoin" | "toSQL" | "$dynamic" | ... 7 more ... | "minus"'.

[7m294[0m     unionAll: <TValue extends SingleStoreSetOperatorWithResult<TResult>>(rightSelection: ((setOperators: GetSingleStoreSetOperators) => SetOperatorRightSelect<TValue, TResult>) | SetOperatorRightSelect<TValue, TResult>) => SingleStoreSelectWithout<this, TDynamic, SingleStoreSetOperatorExcludedMethods, true>;
[7m   [0m [91m                                                                                                                                                                                                                                                                        ~~~~~~~~~~~~~~~~~~~~~~~~~~~~~~~~~~~~~[0m

[96mnode_modules/drizzle-orm/singlestore-core/query-builders/select.d.ts[0m:[93m320[0m:[93m266[0m - [91merror[0m[90m TS2344: [0mType 'string' does not satisfy the constraint 'keyof this & string'.
  Type 'string' is not assignable to type 'keyof this & string'.
    Type 'string' is not assignable to type 'keyof this'.
      Type '"session"' is not assignable to type '"_" | "getSQL" | "as" | "union" | "intersect" | "except" | "for" | "where" | "orderBy" | "limit" | "offset" | "leftJoin" | "rightJoin" | "innerJoin" | "fullJoin" | "toSQL" | "$dynamic" | ... 7 more ... | "minus"'.

[7m320[0m     intersect: <TValue extends SingleStoreSetOperatorWithResult<TResult>>(rightSelection: ((setOperators: GetSingleStoreSetOperators) => SetOperatorRightSelect<TValue, TResult>) | SetOperatorRightSelect<TValue, TResult>) => SingleStoreSelectWithout<this, TDynamic, SingleStoreSetOperatorExcludedMethods, true>;
[7m   [0m [91m                                                                                                                                                                                                                                                                         ~~~~~~~~~~~~~~~~~~~~~~~~~~~~~~~~~~~~~[0m

[96mnode_modules/drizzle-orm/singlestore-core/query-builders/select.d.ts[0m:[93m346[0m:[93m263[0m - [91merror[0m[90m TS2344: [0mType 'string' does not satisfy the constraint 'keyof this & string'.
  Type 'string' is not assignable to type 'keyof this & string'.
    Type 'string' is not assignable to type 'keyof this'.
      Type '"session"' is not assignable to type '"_" | "getSQL" | "as" | "union" | "intersect" | "except" | "for" | "where" | "orderBy" | "limit" | "offset" | "leftJoin" | "rightJoin" | "innerJoin" | "fullJoin" | "toSQL" | "$dynamic" | ... 7 more ... | "minus"'.

[7m346[0m     except: <TValue extends SingleStoreSetOperatorWithResult<TResult>>(rightSelection: ((setOperators: GetSingleStoreSetOperators) => SetOperatorRightSelect<TValue, TResult>) | SetOperatorRightSelect<TValue, TResult>) => SingleStoreSelectWithout<this, TDynamic, SingleStoreSetOperatorExcludedMethods, true>;
[7m   [0m [91m                                                                                                                                                                                                                                                                      ~~~~~~~~~~~~~~~~~~~~~~~~~~~~~~~~~~~~~[0m

[96mnode_modules/drizzle-orm/singlestore-core/query-builders/select.d.ts[0m:[93m370[0m:[93m262[0m - [91merror[0m[90m TS2344: [0mType 'string' does not satisfy the constraint 'keyof this & string'.
  Type 'string' is not assignable to type 'keyof this & string'.
    Type 'string' is not assignable to type 'keyof this'.
      Type '"session"' is not assignable to type '"_" | "getSQL" | "as" | "union" | "intersect" | "except" | "for" | "where" | "orderBy" | "limit" | "offset" | "leftJoin" | "rightJoin" | "innerJoin" | "fullJoin" | "toSQL" | "$dynamic" | ... 7 more ... | "minus"'.

[7m370[0m     minus: <TValue extends SingleStoreSetOperatorWithResult<TResult>>(rightSelection: ((setOperators: GetSingleStoreSetOperators) => SetOperatorRightSelect<TValue, TResult>) | SetOperatorRightSelect<TValue, TResult>) => SingleStoreSelectWithout<this, TDynamic, SingleStoreSetOperatorExcludedMethods, true>;
[7m   [0m [91m                                                                                                                                                                                                                                                                     ~~~~~~~~~~~~~~~~~~~~~~~~~~~~~~~~~~~~~[0m

[96mnode_modules/drizzle-orm/singlestore-core/query-builders/select.d.ts[0m:[93m520[0m:[93m22[0m - [91merror[0m[90m TS2515: [0mNon-abstract class 'SingleStoreSelectBase<TTableName, TSelection, TSelectMode, TPreparedQueryHKT, TNullabilityMap, TDynamic, TExcludedMethods, TResult, TSelectedFields>' does not implement inherited abstract member getSQL from class 'SingleStoreSelectQueryBuilderBase<SingleStoreSelectHKT, TTableName, TSelection, TSelectMode, TPreparedQueryHKT, TNullabilityMap, TDynamic, TExcludedMethods, TResult, TSelectedFields>'.

[7m520[0m export declare class SingleStoreSelectBase<TTableName extends string | undefined, TSelection, TSelectMode extends SelectMode, TPreparedQueryHKT extends PreparedQueryHKTBase, TNullabilityMap extends Record<string, JoinNullability> = TTableName extends string ? Record<TTableName, 'not-null'> : {}, TDynamic extends boolean = false, TExcludedMethods extends string = never, TResult = SelectResult<TSelection, TSelectMode, TNullabilityMap>[], TSelectedFields = BuildSubquerySelection<TSelection, TNullabilityMap>> extends SingleStoreSelectQueryBuilderBase<SingleStoreSelectHKT, TTableName, TSelection, TSelectMode, TPreparedQueryHKT, TNullabilityMap, TDynamic, TExcludedMethods, TResult, TSelectedFields> {
[7m   [0m [91m                     ~~~~~~~~~~~~~~~~~~~~~[0m

[96mnode_modules/drizzle-orm/singlestore-core/query-builders/select.types.d.ts[0m:[93m130[0m:[93m1185[0m - [91merror[0m[90m TS2344: [0mType 'SingleStoreSetOperatorExcludedMethods' does not satisfy the constraint '"then" | "_" | "getSQL" | "as" | "union" | "intersect" | "except" | "for" | "where" | "orderBy" | "limit" | "offset" | "execute" | "leftJoin" | "rightJoin" | "innerJoin" | "fullJoin" | ... 14 more ... | "minus"'.
  Type '"session"' is not assignable to type '"then" | "_" | "getSQL" | "as" | "union" | "intersect" | "except" | "for" | "where" | "orderBy" | "limit" | "offset" | "execute" | "leftJoin" | "rightJoin" | "innerJoin" | "fullJoin" | ... 14 more ... | "minus"'.

[7m130[0m export type SingleStoreCreateSetOperatorFn = <TTableName extends string | undefined, TSelection extends ColumnsSelection, TSelectMode extends SelectMode, TValue extends SingleStoreSetOperatorWithResult<TResult>, TRest extends SingleStoreSetOperatorWithResult<TResult>[], TPreparedQueryHKT extends PreparedQueryHKTBase = PreparedQueryHKTBase, TNullabilityMap extends Record<string, JoinNullability> = TTableName extends string ? Record<TTableName, 'not-null'> : {}, TDynamic extends boolean = false, TExcludedMethods extends string = never, TResult extends any[] = SelectResult<TSelection, TSelectMode, TNullabilityMap>[], TSelectedFields extends ColumnsSelection = BuildSubquerySelection<TSelection, TNullabilityMap>>(leftSelect: SingleStoreSetOperatorInterface<TTableName, TSelection, TSelectMode, TPreparedQueryHKT, TNullabilityMap, TDynamic, TExcludedMethods, TResult, TSelectedFields>, rightSelect: SetOperatorRightSelect<TValue, TResult>, ...restSelects: SetOperatorRestSelect<TRest, TResult>) => SingleStoreSelectWithout<SingleStoreSelectBase<TTableName, TSelection, TSelectMode, TPreparedQueryHKT, TNullabilityMap, TDynamic, TExcludedMethods, TResult, TSelectedFields>, false, SingleStoreSetOperatorExcludedMethods, true>;
[7m   [0m [91m                                                                                                                                                                                                                                                                                                                                                                                                                                                                                                                                                                                                                                                                                                                                                                                                                                                                                                                                                                                                                                                                                                                                                                                                                                ~~~~~~~~~~~~~~~~~~~~~~~~~~~~~~~~~~~~~[0m

[96mnode_modules/drizzle-orm/singlestore/driver.d.ts[0m:[93m1[0m:[93m100[0m - [91merror[0m[90m TS2307: [0mCannot find module 'mysql2' or its corresponding type declarations.

[7m1[0m import { type Connection as CallbackConnection, type Pool as CallbackPool, type PoolOptions } from 'mysql2';
[7m [0m [91m                                                                                                   ~~~~~~~~[0m

[96mnode_modules/drizzle-orm/singlestore/driver.d.ts[0m:[93m2[0m:[93m39[0m - [91merror[0m[90m TS2307: [0mCannot find module 'mysql2/promise' or its corresponding type declarations.

[7m2[0m import type { Connection, Pool } from 'mysql2/promise';
[7m [0m [91m                                      ~~~~~~~~~~~~~~~~[0m

[96mnode_modules/drizzle-orm/singlestore/session.d.ts[0m:[93m1[0m:[93m94[0m - [91merror[0m[90m TS2307: [0mCannot find module 'mysql2/promise' or its corresponding type declarations.

[7m1[0m import type { Connection, FieldPacket, OkPacket, Pool, ResultSetHeader, RowDataPacket } from 'mysql2/promise';
[7m [0m [91m                                                                                             ~~~~~~~~~~~~~~~~[0m

[96mnode_modules/drizzle-orm/sqlite-core/query-builders/query.d.ts[0m:[93m25[0m:[93m22[0m - [91merror[0m[90m TS2420: [0mClass 'SQLiteRelationalQuery<TType, TResult>' incorrectly implements interface 'SQLWrapper'.
  Property 'getSQL' is missing in type 'SQLiteRelationalQuery<TType, TResult>' but required in type 'SQLWrapper'.

[7m25[0m export declare class SQLiteRelationalQuery<TType extends 'sync' | 'async', TResult> extends QueryPromise<TResult> implements RunnableQuery<TResult, 'sqlite'>, SQLWrapper {
[7m  [0m [91m                     ~~~~~~~~~~~~~~~~~~~~~[0m

  [96mnode_modules/drizzle-orm/sql/sql.d.ts[0m:[93m50[0m:[93m5[0m
    [7m50[0m     getSQL(): SQL;
    [7m  [0m [96m    ~~~~~~~~~~~~~~[0m
    'getSQL' is declared here.

[96mnode_modules/drizzle-orm/sqlite-core/query-builders/select.d.ts[0m:[93m233[0m:[93m247[0m - [91merror[0m[90m TS2344: [0mType 'string' does not satisfy the constraint 'keyof this & string'.
  Type 'string' is not assignable to type 'keyof this & string'.
    Type 'string' is not assignable to type 'keyof this'.
      Type '"config"' is not assignable to type '"_" | "getSQL" | "as" | "union" | "intersect" | "except" | "where" | "orderBy" | "limit" | "offset" | "leftJoin" | "rightJoin" | "innerJoin" | "fullJoin" | "toSQL" | "$dynamic" | "having" | "groupBy" | "crossJoin" | "unionAll"'.

[7m233[0m     union: <TValue extends SQLiteSetOperatorWithResult<TResult>>(rightSelection: ((setOperators: GetSQLiteSetOperators) => SetOperatorRightSelect<TValue, TResult>) | SetOperatorRightSelect<TValue, TResult>) => SQLiteSelectWithout<this, TDynamic, SQLiteSetOperatorExcludedMethods, true>;
[7m   [0m [91m                                                                                                                                                                                                                                                      ~~~~~~~~~~~~~~~~~~~~~~~~~~~~~~~~[0m

[96mnode_modules/drizzle-orm/sqlite-core/query-builders/select.d.ts[0m:[93m259[0m:[93m250[0m - [91merror[0m[90m TS2344: [0mType 'string' does not satisfy the constraint 'keyof this & string'.
  Type 'string' is not assignable to type 'keyof this & string'.
    Type 'string' is not assignable to type 'keyof this'.
      Type '"config"' is not assignable to type '"_" | "getSQL" | "as" | "union" | "intersect" | "except" | "where" | "orderBy" | "limit" | "offset" | "leftJoin" | "rightJoin" | "innerJoin" | "fullJoin" | "toSQL" | "$dynamic" | "having" | "groupBy" | "crossJoin" | "unionAll"'.

[7m259[0m     unionAll: <TValue extends SQLiteSetOperatorWithResult<TResult>>(rightSelection: ((setOperators: GetSQLiteSetOperators) => SetOperatorRightSelect<TValue, TResult>) | SetOperatorRightSelect<TValue, TResult>) => SQLiteSelectWithout<this, TDynamic, SQLiteSetOperatorExcludedMethods, true>;
[7m   [0m [91m                                                                                                                                                                                                                                                         ~~~~~~~~~~~~~~~~~~~~~~~~~~~~~~~~[0m

[96mnode_modules/drizzle-orm/sqlite-core/query-builders/select.d.ts[0m:[93m285[0m:[93m251[0m - [91merror[0m[90m TS2344: [0mType 'string' does not satisfy the constraint 'keyof this & string'.
  Type 'string' is not assignable to type 'keyof this & string'.
    Type 'string' is not assignable to type 'keyof this'.
      Type '"config"' is not assignable to type '"_" | "getSQL" | "as" | "union" | "intersect" | "except" | "where" | "orderBy" | "limit" | "offset" | "leftJoin" | "rightJoin" | "innerJoin" | "fullJoin" | "toSQL" | "$dynamic" | "having" | "groupBy" | "crossJoin" | "unionAll"'.

[7m285[0m     intersect: <TValue extends SQLiteSetOperatorWithResult<TResult>>(rightSelection: ((setOperators: GetSQLiteSetOperators) => SetOperatorRightSelect<TValue, TResult>) | SetOperatorRightSelect<TValue, TResult>) => SQLiteSelectWithout<this, TDynamic, SQLiteSetOperatorExcludedMethods, true>;
[7m   [0m [91m                                                                                                                                                                                                                                                          ~~~~~~~~~~~~~~~~~~~~~~~~~~~~~~~~[0m

[96mnode_modules/drizzle-orm/sqlite-core/query-builders/select.d.ts[0m:[93m311[0m:[93m248[0m - [91merror[0m[90m TS2344: [0mType 'string' does not satisfy the constraint 'keyof this & string'.
  Type 'string' is not assignable to type 'keyof this & string'.
    Type 'string' is not assignable to type 'keyof this'.
      Type '"config"' is not assignable to type '"_" | "getSQL" | "as" | "union" | "intersect" | "except" | "where" | "orderBy" | "limit" | "offset" | "leftJoin" | "rightJoin" | "innerJoin" | "fullJoin" | "toSQL" | "$dynamic" | "having" | "groupBy" | "crossJoin" | "unionAll"'.

[7m311[0m     except: <TValue extends SQLiteSetOperatorWithResult<TResult>>(rightSelection: ((setOperators: GetSQLiteSetOperators) => SetOperatorRightSelect<TValue, TResult>) | SetOperatorRightSelect<TValue, TResult>) => SQLiteSelectWithout<this, TDynamic, SQLiteSetOperatorExcludedMethods, true>;
[7m   [0m [91m                                                                                                                                                                                                                                                       ~~~~~~~~~~~~~~~~~~~~~~~~~~~~~~~~[0m

[96mnode_modules/drizzle-orm/sqlite-core/query-builders/select.d.ts[0m:[93m452[0m:[93m22[0m - [91merror[0m[90m TS2515: [0mNon-abstract class 'SQLiteSelectBase<TTableName, TResultType, TRunResult, TSelection, TSelectMode, TNullabilityMap, TDynamic, TExcludedMethods, TResult, TSelectedFields>' does not implement inherited abstract member getSQL from class 'SQLiteSelectQueryBuilderBase<SQLiteSelectHKT, TTableName, TResultType, TRunResult, TSelection, TSelectMode, TNullabilityMap, TDynamic, TExcludedMethods, TResult, TSelectedFields>'.

[7m452[0m export declare class SQLiteSelectBase<TTableName extends string | undefined, TResultType extends 'sync' | 'async', TRunResult, TSelection, TSelectMode extends SelectMode = 'single', TNullabilityMap extends Record<string, JoinNullability> = TTableName extends string ? Record<TTableName, 'not-null'> : {}, TDynamic extends boolean = false, TExcludedMethods extends string = never, TResult = SelectResult<TSelection, TSelectMode, TNullabilityMap>[], TSelectedFields extends ColumnsSelection = BuildSubquerySelection<TSelection, TNullabilityMap>> extends SQLiteSelectQueryBuilderBase<SQLiteSelectHKT, TTableName, TResultType, TRunResult, TSelection, TSelectMode, TNullabilityMap, TDynamic, TExcludedMethods, TResult, TSelectedFields> implements RunnableQuery<TResult, 'sqlite'>, SQLWrapper {
[7m   [0m [91m                     ~~~~~~~~~~~~~~~~[0m

[96mnode_modules/drizzle-orm/sqlite-core/query-builders/select.types.d.ts[0m:[93m123[0m:[93m1157[0m - [91merror[0m[90m TS2344: [0mType 'SQLiteSetOperatorExcludedMethods' does not satisfy the constraint '"values" | "all" | "get" | "then" | "_" | "getSQL" | "as" | "union" | "intersect" | "except" | "where" | "orderBy" | "limit" | "offset" | "execute" | "leftJoin" | "rightJoin" | "innerJoin" | ... 11 more ... | "run"'.
  Type '"config"' is not assignable to type '"values" | "all" | "get" | "then" | "_" | "getSQL" | "as" | "union" | "intersect" | "except" | "where" | "orderBy" | "limit" | "offset" | "execute" | "leftJoin" | "rightJoin" | "innerJoin" | ... 11 more ... | "run"'.

[7m123[0m export type SQLiteCreateSetOperatorFn = <TTableName extends string | undefined, TResultType extends 'sync' | 'async', TRunResult, TSelection extends ColumnsSelection, TValue extends SQLiteSetOperatorWithResult<TResult>, TRest extends SQLiteSetOperatorWithResult<TResult>[], TSelectMode extends SelectMode = 'single', TNullabilityMap extends Record<string, JoinNullability> = TTableName extends string ? Record<TTableName, 'not-null'> : {}, TDynamic extends boolean = false, TExcludedMethods extends string = never, TResult extends any[] = SelectResult<TSelection, TSelectMode, TNullabilityMap>[], TSelectedFields extends ColumnsSelection = BuildSubquerySelection<TSelection, TNullabilityMap>>(leftSelect: SQLiteSetOperatorInterface<TTableName, TResultType, TRunResult, TSelection, TSelectMode, TNullabilityMap, TDynamic, TExcludedMethods, TResult, TSelectedFields>, rightSelect: SetOperatorRightSelect<TValue, TResult>, ...restSelects: SetOperatorRestSelect<TRest, TResult>) => SQLiteSelectWithout<SQLiteSelectBase<TTableName, TResultType, TRunResult, TSelection, TSelectMode, TNullabilityMap, TDynamic, TExcludedMethods, TResult, TSelectedFields>, false, SQLiteSetOperatorExcludedMethods, true>;
[7m   [0m [91m                                                                                                                                                                                                                                                                                                                                                                                                                                                                                                                                                                                                                                                                                                                                                                                                                                                                                                                                                                                                                                                                                                                                                                                                    ~~~~~~~~~~~~~~~~~~~~~~~~~~~~~~~~[0m

[96msrc/auth/auth.controller.ts[0m:[93m67[0m:[93m3[0m - [91merror[0m[90m TS1241: [0mUnable to resolve signature of method decorator when called as an expression.
  The runtime will invoke the decorator with 2 arguments, but the decorator expects 3.

[7m67[0m   @Post('register') // Endpoint: POST /auth/register
[7m  [0m [91m  ~~~~~~~~~~~~~~~~~[0m

  [96mnode_modules/typescript/lib/lib.decorators.legacy.d.ts[0m:[93m21[0m:[93m82[0m
    [7m21[0m declare type MethodDecorator = <T>(target: Object, propertyKey: string | symbol, descriptor: TypedPropertyDescriptor<T>) => TypedPropertyDescriptor<T> | void;
    [7m  [0m [96m                                                                                 ~~~~~~~~~~~~~~~~~~~~~~~~~~~~~~~~~~~~~~[0m
    An argument for 'descriptor' was not provided.

[96msrc/auth/auth.controller.ts[0m:[93m67[0m:[93m4[0m - [91merror[0m[90m TS1270: [0mDecorator function return type 'void | TypedPropertyDescriptor<unknown>' is not assignable to type 'void | ((registerUserDto: RegisterUserDto) => Promise<{ message: string; userId: any; qrCode: any; }>)'.
  Type 'TypedPropertyDescriptor<unknown>' is not assignable to type 'void | ((registerUserDto: RegisterUserDto) => Promise<{ message: string; userId: any; qrCode: any; }>)'.

[7m67[0m   @Post('register') // Endpoint: POST /auth/register
[7m  [0m [91m   ~~~~~~~~~~~~~~~~[0m

[96msrc/auth/auth.controller.ts[0m:[93m76[0m:[93m18[0m - [91merror[0m[90m TS1206: [0mDecorators are not valid here.

[7m76[0m   async register(@Body() registerUserDto: RegisterUserDto) {
[7m  [0m [91m                 ~[0m

[96msrc/auth/auth.module.ts[0m:[93m30[0m:[93m32[0m - [91merror[0m[90m TS2306: [0mFile '/app/src/database.module.ts' is not a module.

[7m30[0m import { DatabaseModule } from '../database.module'; // Importante para Drizzle
[7m  [0m [91m                               ~~~~~~~~~~~~~~~~~~~~[0m

[96msrc/auth/auth.service.ts[0m:[93m10[0m:[93m10[0m - [91merror[0m[90m TS2724: [0m'"drizzle-orm/node-postgres"' has no exported member named 'NodePdfDatabase'. Did you mean 'NodePgDatabase'?

[7m10[0m import { NodePdfDatabase } from 'drizzle-orm/node-postgres';
[7m  [0m [91m         ~~~~~~~~~~~~~~~[0m

  [96mnode_modules/drizzle-orm/node-postgres/driver.d.ts[0m:[93m23[0m:[93m22[0m
    [7m23[0m export declare class NodePgDatabase<TSchema extends Record<string, unknown> = Record<string, never>> extends PgDatabase<NodePgQueryResultHKT, TSchema> {
    [7m  [0m [96m                     ~~~~~~~~~~~~~~[0m
    'NodePgDatabase' is declared here.

[96msrc/auth/auth.service.ts[0m:[93m13[0m:[93m25[0m - [91merror[0m[90m TS2306: [0mFile '/app/src/schema.ts' is not a module.

[7m13[0m import * as schema from '../schema';
[7m  [0m [91m                        ~~~~~~~~~~~[0m

[96msrc/auth/auth.service.ts[0m:[93m40[0m:[93m5[0m - [91merror[0m[90m TS1206: [0mDecorators are not valid here.

[7m40[0m     @Inject('DRIZZLE_CONNECTION')
[7m  [0m [91m    ~[0m

[96msrc/dto/register-user.dto.ts[0m:[93m4[0m:[93m4[0m - [91merror[0m[90m TS1240: [0mUnable to resolve signature of property decorator when called as an expression.
  Argument of type 'ClassFieldDecoratorContext<RegisterUserDto, string> & { name: "user"; private: false; static: false; }' is not assignable to parameter of type 'string | symbol'.

[7m4[0m   @IsString()
[7m [0m [91m   ~~~~~~~~~~[0m

[96msrc/dto/register-user.dto.ts[0m:[93m5[0m:[93m4[0m - [91merror[0m[90m TS1240: [0mUnable to resolve signature of property decorator when called as an expression.
  Argument of type 'ClassFieldDecoratorContext<RegisterUserDto, string> & { name: "user"; private: false; static: false; }' is not assignable to parameter of type 'string | symbol'.

[7m5[0m   @IsNotEmpty({ message: 'El nombre de usuario es obligatorio' })
[7m [0m [91m   ~~~~~~~~~~~~~~~~~~~~~~~~~~~~~~~~~~~~~~~~~~~~~~~~~~~~~~~~~~~~~~[0m

[96msrc/dto/register-user.dto.ts[0m:[93m6[0m:[93m4[0m - [91merror[0m[90m TS1240: [0mUnable to resolve signature of property decorator when called as an expression.
  Argument of type 'ClassFieldDecoratorContext<RegisterUserDto, string> & { name: "user"; private: false; static: false; }' is not assignable to parameter of type 'string | symbol'.

[7m6[0m   @MaxLength(20, { message: 'El nick no puede exceder los 20 caracteres' })
[7m [0m [91m   ~~~~~~~~~~~~~~~~~~~~~~~~~~~~~~~~~~~~~~~~~~~~~~~~~~~~~~~~~~~~~~~~~~~~~~~~[0m

[96msrc/dto/register-user.dto.ts[0m:[93m9[0m:[93m4[0m - [91merror[0m[90m TS1240: [0mUnable to resolve signature of property decorator when called as an expression.
  Argument of type 'ClassFieldDecoratorContext<RegisterUserDto, string> & { name: "email"; private: false; static: false; }' is not assignable to parameter of type 'string | symbol'.

[7m9[0m   @IsEmail({}, { message: 'El formato del email no es válido' })
[7m [0m [91m   ~~~~~~~~~~~~~~~~~~~~~~~~~~~~~~~~~~~~~~~~~~~~~~~~~~~~~~~~~~~~~[0m

[96msrc/dto/register-user.dto.ts[0m:[93m10[0m:[93m4[0m - [91merror[0m[90m TS1240: [0mUnable to resolve signature of property decorator when called as an expression.
  Argument of type 'ClassFieldDecoratorContext<RegisterUserDto, string> & { name: "email"; private: false; static: false; }' is not assignable to parameter of type 'string | symbol'.

[7m10[0m   @IsNotEmpty({ message: 'El email es obligatorio' })
[7m  [0m [91m   ~~~~~~~~~~~~~~~~~~~~~~~~~~~~~~~~~~~~~~~~~~~~~~~~~~[0m

[96msrc/dto/register-user.dto.ts[0m:[93m13[0m:[93m4[0m - [91merror[0m[90m TS1240: [0mUnable to resolve signature of property decorator when called as an expression.
  Argument of type 'ClassFieldDecoratorContext<RegisterUserDto, string> & { name: "password"; private: false; static: false; }' is not assignable to parameter of type 'string | symbol'.

[7m13[0m   @IsString()
[7m  [0m [91m   ~~~~~~~~~~[0m

[96msrc/dto/register-user.dto.ts[0m:[93m14[0m:[93m4[0m - [91merror[0m[90m TS1240: [0mUnable to resolve signature of property decorator when called as an expression.
  Argument of type 'ClassFieldDecoratorContext<RegisterUserDto, string> & { name: "password"; private: false; static: false; }' is not assignable to parameter of type 'string | symbol'.

[7m14[0m   @IsNotEmpty({ message: 'La contraseña es obligatoria' })
[7m  [0m [91m   ~~~~~~~~~~~~~~~~~~~~~~~~~~~~~~~~~~~~~~~~~~~~~~~~~~~~~~~[0m

[96msrc/dto/register-user.dto.ts[0m:[93m15[0m:[93m4[0m - [91merror[0m[90m TS1240: [0mUnable to resolve signature of property decorator when called as an expression.
  Argument of type 'ClassFieldDecoratorContext<RegisterUserDto, string> & { name: "password"; private: false; static: false; }' is not assignable to parameter of type 'string | symbol'.

[7m15[0m   @MinLength(8, { message: 'La contraseña debe tener al menos 8 caracteres' })
[7m  [0m [91m   ~~~~~~~~~~~~~~~~~~~~~~~~~~~~~~~~~~~~~~~~~~~~~~~~~~~~~~~~~~~~~~~~~~~~~~~~~~~[0m

[96msrc/main.ts[0m:[93m13[0m:[93m27[0m - [91merror[0m[90m TS2307: [0mCannot find module './app.module' or its corresponding type declarations.

[7m13[0m import { AppModule } from './app.module';
[7m  [0m [91m                          ~~~~~~~~~~~~~~[0m

[[90m11:46:05 PM[0m] Found 89 errors. Watching for file changes.

